<?xml version="1.0" encoding="UTF-8"?>
<testsuite xmlns:xsi="http://www.w3.org/2001/XMLSchema-instance" xsi:noNamespaceSchemaLocation="https://maven.apache.org/surefire/maven-surefire-plugin/xsd/surefire-test-report.xsd" version="3.0.2" name="com.codelogium.ticketing.TicketingApplicationTests" time="1.73" tests="1" errors="0" skipped="0" failures="0">
  <properties>
[...]
</properties>
  <testcase name="contextLoads" classname="com.codelogium.ticketing.TicketingApplicationTests" time="0.003">
    <system-out><![CDATA[16:26:00.582 [main] INFO org.springframework.test.context.support.AnnotationConfigContextLoaderUtils -- Could not detect default configuration classes for test class [com.codelogium.ticketing.TicketingApplicationTests]: TicketingApplicationTests does not declare any static, non-private, non-final, nested classes annotated with @Configuration.
16:26:00.610 [main] INFO org.springframework.boot.test.context.SpringBootTestContextBootstrapper -- Found @SpringBootConfiguration com.codelogium.ticketing.TicketingApplication for test class com.codelogium.ticketing.TicketingApplicationTests
16:26:00.638 [main] INFO org.springframework.boot.devtools.restart.RestartApplicationListener -- Restart disabled due to context in which it is running

  .   ____          _            __ _ _
 /\\ / ___'_ __ _ _(_)_ __  __ _ \ \ \ \
( ( )\___ | '_ | '_| | '_ \/ _` | \ \ \ \
 \\/  ___)| |_)| | | | | || (_| |  ) ) ) )
  '  |____| .__|_| |_|_| |_\__, | / / / /
 =========|_|==============|___/=/_/_/_/

 :: Spring Boot ::                (v3.4.3)

2025-10-02T16:26:00.700+07:00  INFO 91418 --- [ticketing] [           main] c.c.ticketing.TicketingApplicationTests  : Starting TicketingApplicationTests using Java 25 with PID 91418 (started by thanawatueasiripracha in /Users/thanawatueasiripracha/Desktop/KKU/ticket_dorm)
2025-10-02T16:26:00.701+07:00  INFO 91418 --- [ticketing] [           main] c.c.ticketing.TicketingApplicationTests  : No active profile set, falling back to 1 default profile: "default"
2025-10-02T16:26:00.931+07:00  INFO 91418 --- [ticketing] [           main] .s.d.r.c.RepositoryConfigurationDelegate : Bootstrapping Spring Data JPA repositories in DEFAULT mode.
2025-10-02T16:26:00.947+07:00  INFO 91418 --- [ticketing] [           main] .s.d.r.c.RepositoryConfigurationDelegate : Finished Spring Data repository scanning in 13 ms. Found 4 JPA repository interfaces.
2025-10-02T16:26:01.068+07:00 DEBUG 91418 --- [ticketing] [           main] com.zaxxer.hikari.HikariConfig           : Driver class org.h2.Driver found in Thread context class loader jdk.internal.loader.ClassLoaders$AppClassLoader@7a8c5397
2025-10-02T16:26:01.096+07:00 DEBUG 91418 --- [ticketing] [           main] com.zaxxer.hikari.HikariConfig           : HikariPool-1 - configuration:
2025-10-02T16:26:01.097+07:00 DEBUG 91418 --- [ticketing] [           main] com.zaxxer.hikari.HikariConfig           : allowPoolSuspension.............false
2025-10-02T16:26:01.097+07:00 DEBUG 91418 --- [ticketing] [           main] com.zaxxer.hikari.HikariConfig           : autoCommit......................true
2025-10-02T16:26:01.097+07:00 DEBUG 91418 --- [ticketing] [           main] com.zaxxer.hikari.HikariConfig           : catalog.........................none
2025-10-02T16:26:01.098+07:00 DEBUG 91418 --- [ticketing] [           main] com.zaxxer.hikari.HikariConfig           : connectionInitSql...............none
2025-10-02T16:26:01.098+07:00 DEBUG 91418 --- [ticketing] [           main] com.zaxxer.hikari.HikariConfig           : connectionTestQuery.............none
2025-10-02T16:26:01.098+07:00 DEBUG 91418 --- [ticketing] [           main] com.zaxxer.hikari.HikariConfig           : connectionTimeout...............50000
2025-10-02T16:26:01.098+07:00 DEBUG 91418 --- [ticketing] [           main] com.zaxxer.hikari.HikariConfig           : dataSource......................none
2025-10-02T16:26:01.098+07:00 DEBUG 91418 --- [ticketing] [           main] com.zaxxer.hikari.HikariConfig           : dataSourceClassName.............none
2025-10-02T16:26:01.098+07:00 DEBUG 91418 --- [ticketing] [           main] com.zaxxer.hikari.HikariConfig           : dataSourceJNDI..................none
2025-10-02T16:26:01.098+07:00 DEBUG 91418 --- [ticketing] [           main] com.zaxxer.hikari.HikariConfig           : dataSourceProperties............{password=<masked>}
2025-10-02T16:26:01.098+07:00 DEBUG 91418 --- [ticketing] [           main] com.zaxxer.hikari.HikariConfig           : driverClassName................."org.h2.Driver"
2025-10-02T16:26:01.098+07:00 DEBUG 91418 --- [ticketing] [           main] com.zaxxer.hikari.HikariConfig           : exceptionOverrideClassName......none
2025-10-02T16:26:01.098+07:00 DEBUG 91418 --- [ticketing] [           main] com.zaxxer.hikari.HikariConfig           : healthCheckProperties...........{}
2025-10-02T16:26:01.098+07:00 DEBUG 91418 --- [ticketing] [           main] com.zaxxer.hikari.HikariConfig           : healthCheckRegistry.............none
2025-10-02T16:26:01.098+07:00 DEBUG 91418 --- [ticketing] [           main] com.zaxxer.hikari.HikariConfig           : idleTimeout.....................600000
2025-10-02T16:26:01.098+07:00 DEBUG 91418 --- [ticketing] [           main] com.zaxxer.hikari.HikariConfig           : initializationFailTimeout.......1
2025-10-02T16:26:01.098+07:00 DEBUG 91418 --- [ticketing] [           main] com.zaxxer.hikari.HikariConfig           : isolateInternalQueries..........false
2025-10-02T16:26:01.098+07:00 DEBUG 91418 --- [ticketing] [           main] com.zaxxer.hikari.HikariConfig           : jdbcUrl.........................jdbc:h2:mem:ticketing
2025-10-02T16:26:01.099+07:00 DEBUG 91418 --- [ticketing] [           main] com.zaxxer.hikari.HikariConfig           : keepaliveTime...................0
2025-10-02T16:26:01.099+07:00 DEBUG 91418 --- [ticketing] [           main] com.zaxxer.hikari.HikariConfig           : leakDetectionThreshold..........0
2025-10-02T16:26:01.099+07:00 DEBUG 91418 --- [ticketing] [           main] com.zaxxer.hikari.HikariConfig           : maxLifetime.....................1800000
2025-10-02T16:26:01.099+07:00 DEBUG 91418 --- [ticketing] [           main] com.zaxxer.hikari.HikariConfig           : maximumPoolSize.................30
2025-10-02T16:26:01.099+07:00 DEBUG 91418 --- [ticketing] [           main] com.zaxxer.hikari.HikariConfig           : metricRegistry..................none
2025-10-02T16:26:01.099+07:00 DEBUG 91418 --- [ticketing] [           main] com.zaxxer.hikari.HikariConfig           : metricsTrackerFactory...........none
2025-10-02T16:26:01.099+07:00 DEBUG 91418 --- [ticketing] [           main] com.zaxxer.hikari.HikariConfig           : minimumIdle.....................20
2025-10-02T16:26:01.099+07:00 DEBUG 91418 --- [ticketing] [           main] com.zaxxer.hikari.HikariConfig           : password........................<masked>
2025-10-02T16:26:01.099+07:00 DEBUG 91418 --- [ticketing] [           main] com.zaxxer.hikari.HikariConfig           : poolName........................"HikariPool-1"
2025-10-02T16:26:01.099+07:00 DEBUG 91418 --- [ticketing] [           main] com.zaxxer.hikari.HikariConfig           : readOnly........................false
2025-10-02T16:26:01.099+07:00 DEBUG 91418 --- [ticketing] [           main] com.zaxxer.hikari.HikariConfig           : registerMbeans..................false
2025-10-02T16:26:01.099+07:00 DEBUG 91418 --- [ticketing] [           main] com.zaxxer.hikari.HikariConfig           : scheduledExecutor...............none
2025-10-02T16:26:01.099+07:00 DEBUG 91418 --- [ticketing] [           main] com.zaxxer.hikari.HikariConfig           : schema..........................none
2025-10-02T16:26:01.099+07:00 DEBUG 91418 --- [ticketing] [           main] com.zaxxer.hikari.HikariConfig           : threadFactory...................internal
2025-10-02T16:26:01.099+07:00 DEBUG 91418 --- [ticketing] [           main] com.zaxxer.hikari.HikariConfig           : transactionIsolation............default
2025-10-02T16:26:01.099+07:00 DEBUG 91418 --- [ticketing] [           main] com.zaxxer.hikari.HikariConfig           : username........................"sa"
2025-10-02T16:26:01.099+07:00 DEBUG 91418 --- [ticketing] [           main] com.zaxxer.hikari.HikariConfig           : validationTimeout...............5000
2025-10-02T16:26:01.099+07:00  INFO 91418 --- [ticketing] [           main] com.zaxxer.hikari.HikariDataSource       : HikariPool-1 - Starting...
2025-10-02T16:26:01.164+07:00  INFO 91418 --- [ticketing] [           main] com.zaxxer.hikari.pool.HikariPool        : HikariPool-1 - Added connection conn0: url=jdbc:h2:mem:ticketing user=SA
2025-10-02T16:26:01.165+07:00  INFO 91418 --- [ticketing] [           main] com.zaxxer.hikari.HikariDataSource       : HikariPool-1 - Start completed.
2025-10-02T16:26:01.187+07:00  INFO 91418 --- [ticketing] [           main] o.hibernate.jpa.internal.util.LogHelper  : HHH000204: Processing PersistenceUnitInfo [name: default]
2025-10-02T16:26:01.201+07:00  INFO 91418 --- [ticketing] [           main] org.hibernate.Version                    : HHH000412: Hibernate ORM core version 6.6.8.Final
2025-10-02T16:26:01.211+07:00  INFO 91418 --- [ticketing] [           main] o.h.c.internal.RegionFactoryInitiator    : HHH000026: Second-level cache disabled
2025-10-02T16:26:01.249+07:00  INFO 91418 --- [ticketing] [           main] o.s.o.j.p.SpringPersistenceUnitInfo      : No LoadTimeWeaver setup: ignoring JPA class transformer
2025-10-02T16:26:01.264+07:00  WARN 91418 --- [ticketing] [           main] org.hibernate.orm.deprecation            : HHH90000025: H2Dialect does not need to be specified explicitly using 'hibernate.dialect' (remove the property setting and it will be selected by default)
2025-10-02T16:26:01.269+07:00  INFO 91418 --- [ticketing] [           main] org.hibernate.orm.connections.pooling    : HHH10001005: Database info:
	Database JDBC URL [Connecting through datasource 'HikariDataSource (HikariPool-1)']
	Database driver: undefined/unknown
	Database version: 2.3.232
	Autocommit mode: undefined/unknown
	Isolation level: undefined/unknown
	Minimum pool size: undefined/unknown
	Maximum pool size: undefined/unknown
2025-10-02T16:26:01.270+07:00 DEBUG 91418 --- [ticketing] [l-1 housekeeper] com.zaxxer.hikari.pool.HikariPool        : HikariPool-1 - Before cleanup stats (total=1, active=0, idle=1, waiting=0)
2025-10-02T16:26:01.270+07:00 DEBUG 91418 --- [ticketing] [l-1 housekeeper] com.zaxxer.hikari.pool.HikariPool        : HikariPool-1 - After cleanup  stats (total=1, active=0, idle=1, waiting=0)
2025-10-02T16:26:01.271+07:00 DEBUG 91418 --- [ticketing] [onnection adder] com.zaxxer.hikari.pool.HikariPool        : HikariPool-1 - Added connection conn1: url=jdbc:h2:mem:ticketing user=SA
2025-10-02T16:26:01.306+07:00 DEBUG 91418 --- [ticketing] [onnection adder] com.zaxxer.hikari.pool.HikariPool        : HikariPool-1 - After adding stats (total=2, active=0, idle=2, waiting=0)
2025-10-02T16:26:01.306+07:00 DEBUG 91418 --- [ticketing] [onnection adder] com.zaxxer.hikari.pool.HikariPool        : HikariPool-1 - Added connection conn2: url=jdbc:h2:mem:ticketing user=SA
2025-10-02T16:26:01.337+07:00 DEBUG 91418 --- [ticketing] [onnection adder] com.zaxxer.hikari.pool.HikariPool        : HikariPool-1 - After adding stats (total=3, active=0, idle=3, waiting=0)
2025-10-02T16:26:01.337+07:00 DEBUG 91418 --- [ticketing] [onnection adder] com.zaxxer.hikari.pool.HikariPool        : HikariPool-1 - Added connection conn3: url=jdbc:h2:mem:ticketing user=SA
2025-10-02T16:26:01.372+07:00 DEBUG 91418 --- [ticketing] [onnection adder] com.zaxxer.hikari.pool.HikariPool        : HikariPool-1 - After adding stats (total=4, active=0, idle=4, waiting=0)
2025-10-02T16:26:01.372+07:00 DEBUG 91418 --- [ticketing] [onnection adder] com.zaxxer.hikari.pool.HikariPool        : HikariPool-1 - Added connection conn4: url=jdbc:h2:mem:ticketing user=SA
2025-10-02T16:26:01.407+07:00 DEBUG 91418 --- [ticketing] [onnection adder] com.zaxxer.hikari.pool.HikariPool        : HikariPool-1 - After adding stats (total=5, active=0, idle=5, waiting=0)
2025-10-02T16:26:01.408+07:00 DEBUG 91418 --- [ticketing] [onnection adder] com.zaxxer.hikari.pool.HikariPool        : HikariPool-1 - Added connection conn5: url=jdbc:h2:mem:ticketing user=SA
2025-10-02T16:26:01.440+07:00 DEBUG 91418 --- [ticketing] [onnection adder] com.zaxxer.hikari.pool.HikariPool        : HikariPool-1 - After adding stats (total=6, active=0, idle=6, waiting=0)
2025-10-02T16:26:01.440+07:00 DEBUG 91418 --- [ticketing] [onnection adder] com.zaxxer.hikari.pool.HikariPool        : HikariPool-1 - Added connection conn6: url=jdbc:h2:mem:ticketing user=SA
2025-10-02T16:26:01.465+07:00  INFO 91418 --- [ticketing] [           main] o.h.m.i.EntityInstantiatorPojoStandard   : HHH000182: No default (no-argument) constructor for class: com.codelogium.ticketing.entity.User (class must be instantiated by Interceptor)
2025-10-02T16:26:01.475+07:00 DEBUG 91418 --- [ticketing] [onnection adder] com.zaxxer.hikari.pool.HikariPool        : HikariPool-1 - After adding stats (total=7, active=0, idle=7, waiting=0)
2025-10-02T16:26:01.476+07:00 DEBUG 91418 --- [ticketing] [onnection adder] com.zaxxer.hikari.pool.HikariPool        : HikariPool-1 - Added connection conn7: url=jdbc:h2:mem:ticketing user=SA
2025-10-02T16:26:01.477+07:00  INFO 91418 --- [ticketing] [           main] o.h.m.i.EntityInstantiatorPojoStandard   : HHH000182: No default (no-argument) constructor for class: com.codelogium.ticketing.entity.AuditLog (class must be instantiated by Interceptor)
2025-10-02T16:26:01.480+07:00  INFO 91418 --- [ticketing] [           main] o.h.m.i.EntityInstantiatorPojoStandard   : HHH000182: No default (no-argument) constructor for class: com.codelogium.ticketing.entity.Ticket (class must be instantiated by Interceptor)
2025-10-02T16:26:01.508+07:00 DEBUG 91418 --- [ticketing] [onnection adder] com.zaxxer.hikari.pool.HikariPool        : HikariPool-1 - After adding stats (total=8, active=0, idle=8, waiting=0)
2025-10-02T16:26:01.508+07:00 DEBUG 91418 --- [ticketing] [onnection adder] com.zaxxer.hikari.pool.HikariPool        : HikariPool-1 - Added connection conn8: url=jdbc:h2:mem:ticketing user=SA
2025-10-02T16:26:01.543+07:00 DEBUG 91418 --- [ticketing] [onnection adder] com.zaxxer.hikari.pool.HikariPool        : HikariPool-1 - After adding stats (total=9, active=0, idle=9, waiting=0)
2025-10-02T16:26:01.543+07:00  INFO 91418 --- [ticketing] [           main] o.h.e.t.j.p.i.JtaPlatformInitiator       : HHH000489: No JTA platform available (set 'hibernate.transaction.jta.platform' to enable JTA platform integration)
2025-10-02T16:26:01.543+07:00 DEBUG 91418 --- [ticketing] [onnection adder] com.zaxxer.hikari.pool.HikariPool        : HikariPool-1 - Added connection conn9: url=jdbc:h2:mem:ticketing user=SA
Hibernate: 
    drop table if exists audit_logs cascade 
Hibernate: 
    drop table if exists comments cascade 
Hibernate: 
    drop table if exists tickets cascade 
Hibernate: 
    drop table if exists users cascade 
Hibernate: 
    create table audit_logs (
        comment_id bigint,
        id bigint generated by default as identity,
        ticket_id bigint,
        timestamp timestamp(6) with time zone,
        user_id bigint,
        action varchar(255),
        new_value varchar(255),
        old_value varchar(255),
        primary key (id)
    )
Hibernate: 
    create table comments (
        created_at timestamp(6) with time zone,
        id bigint generated by default as identity,
        ticket_id bigint,
        user_id bigint,
        content varchar(255) not null,
        primary key (id)
    )
Hibernate: 
    create table tickets (
        creation_date timestamp(6) with time zone,
        id bigint generated by default as identity,
        user_id bigint,
        description varchar(255) not null,
        title varchar(255) not null,
        category enum ('HARDWARE','NETWORK','OTHER','SOFTWARE'),
        priority enum ('HIGH','LOW','MEDIUM'),
        status enum ('IN_PROGRESS','NEW','RESOLVED'),
        primary key (id)
    )
Hibernate: 
    create table users (
        id bigint generated by default as identity,
        username varchar(8) not null,
        email varchar(255) not null,
        password varchar(255) not null,
        role enum ('EMPLOYEE','IT_SUPPORT'),
        primary key (id)
    )
Hibernate: 
    alter table if exists comments 
       add constraint FK8omq0tc18jd43bu5tjh6jvraq 
       foreign key (user_id) 
       references users
Hibernate: 
    alter table if exists comments 
       add constraint FKj7vc0aigr2m5mew52v7ddt4fo 
       foreign key (ticket_id) 
       references tickets
Hibernate: 
    alter table if exists tickets 
       add constraint FK4eqsebpimnjen0q46ja6fl2hl 
       foreign key (user_id) 
       references users
2025-10-02T16:26:01.561+07:00  INFO 91418 --- [ticketing] [           main] j.LocalContainerEntityManagerFactoryBean : Initialized JPA EntityManagerFactory for persistence unit 'default'
2025-10-02T16:26:01.579+07:00 DEBUG 91418 --- [ticketing] [onnection adder] com.zaxxer.hikari.pool.HikariPool        : HikariPool-1 - After adding stats (total=10, active=0, idle=10, waiting=0)
2025-10-02T16:26:01.579+07:00 DEBUG 91418 --- [ticketing] [onnection adder] com.zaxxer.hikari.pool.HikariPool        : HikariPool-1 - Added connection conn10: url=jdbc:h2:mem:ticketing user=SA
2025-10-02T16:26:01.611+07:00 DEBUG 91418 --- [ticketing] [onnection adder] com.zaxxer.hikari.pool.HikariPool        : HikariPool-1 - After adding stats (total=11, active=0, idle=11, waiting=0)
2025-10-02T16:26:01.612+07:00 DEBUG 91418 --- [ticketing] [onnection adder] com.zaxxer.hikari.pool.HikariPool        : HikariPool-1 - Added connection conn11: url=jdbc:h2:mem:ticketing user=SA
2025-10-02T16:26:01.649+07:00 DEBUG 91418 --- [ticketing] [onnection adder] com.zaxxer.hikari.pool.HikariPool        : HikariPool-1 - After adding stats (total=12, active=0, idle=12, waiting=0)
2025-10-02T16:26:01.649+07:00 DEBUG 91418 --- [ticketing] [onnection adder] com.zaxxer.hikari.pool.HikariPool        : HikariPool-1 - Added connection conn12: url=jdbc:h2:mem:ticketing user=SA
2025-10-02T16:26:01.682+07:00 DEBUG 91418 --- [ticketing] [onnection adder] com.zaxxer.hikari.pool.HikariPool        : HikariPool-1 - After adding stats (total=13, active=0, idle=13, waiting=0)
2025-10-02T16:26:01.683+07:00 DEBUG 91418 --- [ticketing] [onnection adder] com.zaxxer.hikari.pool.HikariPool        : HikariPool-1 - Added connection conn13: url=jdbc:h2:mem:ticketing user=SA
2025-10-02T16:26:01.686+07:00  INFO 91418 --- [ticketing] [           main] o.s.d.j.r.query.QueryEnhancerFactory     : Hibernate is in classpath; If applicable, HQL parser will be used.
2025-10-02T16:26:01.718+07:00 DEBUG 91418 --- [ticketing] [onnection adder] com.zaxxer.hikari.pool.HikariPool        : HikariPool-1 - After adding stats (total=14, active=0, idle=14, waiting=0)
2025-10-02T16:26:01.718+07:00 DEBUG 91418 --- [ticketing] [onnection adder] com.zaxxer.hikari.pool.HikariPool        : HikariPool-1 - Added connection conn14: url=jdbc:h2:mem:ticketing user=SA
2025-10-02T16:26:01.753+07:00 DEBUG 91418 --- [ticketing] [onnection adder] com.zaxxer.hikari.pool.HikariPool        : HikariPool-1 - After adding stats (total=15, active=0, idle=15, waiting=0)
2025-10-02T16:26:01.753+07:00 DEBUG 91418 --- [ticketing] [onnection adder] com.zaxxer.hikari.pool.HikariPool        : HikariPool-1 - Added connection conn15: url=jdbc:h2:mem:ticketing user=SA
2025-10-02T16:26:01.792+07:00 DEBUG 91418 --- [ticketing] [onnection adder] com.zaxxer.hikari.pool.HikariPool        : HikariPool-1 - After adding stats (total=16, active=0, idle=16, waiting=0)
2025-10-02T16:26:01.792+07:00 DEBUG 91418 --- [ticketing] [onnection adder] com.zaxxer.hikari.pool.HikariPool        : HikariPool-1 - Added connection conn16: url=jdbc:h2:mem:ticketing user=SA
2025-10-02T16:26:01.827+07:00 DEBUG 91418 --- [ticketing] [onnection adder] com.zaxxer.hikari.pool.HikariPool        : HikariPool-1 - After adding stats (total=17, active=0, idle=17, waiting=0)
2025-10-02T16:26:01.828+07:00 DEBUG 91418 --- [ticketing] [onnection adder] com.zaxxer.hikari.pool.HikariPool        : HikariPool-1 - Added connection conn17: url=jdbc:h2:mem:ticketing user=SA
2025-10-02T16:26:01.859+07:00 DEBUG 91418 --- [ticketing] [onnection adder] com.zaxxer.hikari.pool.HikariPool        : HikariPool-1 - After adding stats (total=18, active=0, idle=18, waiting=0)
2025-10-02T16:26:01.859+07:00 DEBUG 91418 --- [ticketing] [onnection adder] com.zaxxer.hikari.pool.HikariPool        : HikariPool-1 - Added connection conn18: url=jdbc:h2:mem:ticketing user=SA
2025-10-02T16:26:01.899+07:00 DEBUG 91418 --- [ticketing] [onnection adder] com.zaxxer.hikari.pool.HikariPool        : HikariPool-1 - After adding stats (total=19, active=0, idle=19, waiting=0)
2025-10-02T16:26:01.899+07:00 DEBUG 91418 --- [ticketing] [onnection adder] com.zaxxer.hikari.pool.HikariPool        : HikariPool-1 - Added connection conn19: url=jdbc:h2:mem:ticketing user=SA
2025-10-02T16:26:01.934+07:00 DEBUG 91418 --- [ticketing] [onnection adder] com.zaxxer.hikari.pool.HikariPool        : HikariPool-1 - After adding stats (total=20, active=0, idle=20, waiting=0)
2025-10-02T16:26:02.005+07:00  WARN 91418 --- [ticketing] [           main] JpaBaseConfiguration$JpaWebConfiguration : spring.jpa.open-in-view is enabled by default. Therefore, database queries may be performed during view rendering. Explicitly configure spring.jpa.open-in-view to disable this warning
2025-10-02T16:26:02.014+07:00  INFO 91418 --- [ticketing] [           main] r$InitializeUserDetailsManagerConfigurer : Global AuthenticationManager configured with UserDetailsService bean with name customUserDetailsServiceImp
2025-10-02T16:26:02.141+07:00 DEBUG 91418 --- [ticketing] [           main] o.s.s.web.DefaultSecurityFilterChain     : Will secure any request with filters: DisableEncodeUrlFilter, WebAsyncManagerIntegrationFilter, SecurityContextHolderFilter, LogoutFilter, ExceptionHandlerFilter, AuthenticationFilter, JWTAuthorizationFilter, RequestCacheAwareFilter, SecurityContextHolderAwareRequestFilter, AnonymousAuthenticationFilter, SessionManagementFilter, ExceptionTranslationFilter, AuthorizationFilter
2025-10-02T16:26:02.274+07:00  INFO 91418 --- [ticketing] [           main] o.s.b.a.h2.H2ConsoleAutoConfiguration    : H2 console available at '/h2-console'. Database available at 'jdbc:h2:mem:ticketing'
2025-10-02T16:26:02.299+07:00  INFO 91418 --- [ticketing] [           main] c.c.ticketing.TicketingApplicationTests  : Started TicketingApplicationTests in 1.662 seconds (process running for 2.476)
]]></system-out>
  </testcase>
</testsuite>